no change     /apps/pkg/anaconda3/2023.09/condabin/conda
no change     /apps/pkg/anaconda3/2023.09/bin/conda
no change     /apps/pkg/anaconda3/2023.09/bin/conda-env
no change     /apps/pkg/anaconda3/2023.09/bin/activate
no change     /apps/pkg/anaconda3/2023.09/bin/deactivate
no change     /apps/pkg/anaconda3/2023.09/etc/profile.d/conda.sh
no change     /apps/pkg/anaconda3/2023.09/etc/fish/conf.d/conda.fish
no change     /apps/pkg/anaconda3/2023.09/shell/condabin/Conda.psm1
no change     /apps/pkg/anaconda3/2023.09/shell/condabin/conda-hook.ps1
no change     /apps/pkg/anaconda3/2023.09/lib/python3.11/site-packages/xontrib/conda.xsh
no change     /apps/pkg/anaconda3/2023.09/etc/profile.d/conda.csh
no change     /users/yaitalam/.bashrc
No action taken.
Running with parameters:
Episodes: 10000
Max Buffer: 512
Learning Rate: 0.0001
Gamma: 0.99
Epsilon: .5
Minibatch: 32
Target Update: 100
Num Bees: 32
Hidden Dim: 128
N: 5
Decay: 0.95
No communication: 0
N type: <class 'int'>, value: 5
Episode 1/10000 - Total Reward: -135.20 - Steps: 51
Episode 2/10000 - Total Reward: -131.20 - Steps: 102
Episode 3/10000 - Total Reward: -133.20 - Steps: 153
Episode 4/10000 - Total Reward: -133.20 - Steps: 204
Episode 5/10000 - Total Reward: -131.20 - Steps: 255
Episode 6/10000 - Total Reward: -131.20 - Steps: 306
Episode 7/10000 - Total Reward: -130.20 - Steps: 357
Episode 8/10000 - Total Reward: -135.20 - Steps: 408
Episode 9/10000 - Total Reward: -132.20 - Steps: 459
Episode 10/10000 - Total Reward: -135.20 - Steps: 510
Episode 11/10000 - Total Reward: -131.20 - Steps: 561
Episode 12/10000 - Total Reward: -128.20 - Steps: 612
Episode 13/10000 - Total Reward: -132.20 - Steps: 663
Episode 14/10000 - Total Reward: -133.20 - Steps: 714
Episode 15/10000 - Total Reward: -130.20 - Steps: 765
Episode 16/10000 - Total Reward: -134.20 - Steps: 816
Episode 17/10000 - Total Reward: -129.20 - Steps: 867
Episode 18/10000 - Total Reward: -132.20 - Steps: 918
Episode 19/10000 - Total Reward: -130.20 - Steps: 969
Episode 20/10000 - Total Reward: -130.20 - Steps: 1020
Episode 21/10000 - Total Reward: -130.20 - Steps: 1071
Episode 22/10000 - Total Reward: -128.20 - Steps: 1122
Episode 23/10000 - Total Reward: -133.20 - Steps: 1173
Episode 24/10000 - Total Reward: -134.20 - Steps: 1224
Episode 25/10000 - Total Reward: -130.20 - Steps: 1275
Episode 26/10000 - Total Reward: -128.20 - Steps: 1326
Episode 27/10000 - Total Reward: -133.20 - Steps: 1377
Episode 28/10000 - Total Reward: -134.20 - Steps: 1428
Episode 29/10000 - Total Reward: -134.20 - Steps: 1479
Episode 30/10000 - Total Reward: -130.20 - Steps: 1530
Episode 31/10000 - Total Reward: -130.20 - Steps: 1581
Episode 32/10000 - Total Reward: -132.20 - Steps: 1632
Episode 33/10000 - Total Reward: -132.20 - Steps: 1683
Episode 34/10000 - Total Reward: -132.20 - Steps: 1734
Episode 35/10000 - Total Reward: -133.20 - Steps: 1785
Episode 36/10000 - Total Reward: -132.20 - Steps: 1836
Episode 37/10000 - Total Reward: -133.20 - Steps: 1887
Episode 38/10000 - Total Reward: -133.20 - Steps: 1938
Episode 39/10000 - Total Reward: -132.20 - Steps: 1989
Episode 40/10000 - Total Reward: -134.20 - Steps: 2040
Episode 41/10000 - Total Reward: -132.20 - Steps: 2091
Episode 42/10000 - Total Reward: -130.20 - Steps: 2142
Episode 43/10000 - Total Reward: -132.20 - Steps: 2193
Episode 44/10000 - Total Reward: -133.20 - Steps: 2244
Episode 45/10000 - Total Reward: -134.20 - Steps: 2295
Episode 46/10000 - Total Reward: -126.20 - Steps: 2346
Episode 47/10000 - Total Reward: -134.20 - Steps: 2397
Episode 48/10000 - Total Reward: -132.20 - Steps: 2448
Episode 49/10000 - Total Reward: -131.20 - Steps: 2499
Episode 50/10000 - Total Reward: -133.20 - Steps: 2550
Episode 51/10000 - Total Reward: -131.20 - Steps: 2601
Episode 52/10000 - Total Reward: -132.20 - Steps: 2652
Episode 53/10000 - Total Reward: -132.20 - Steps: 2703
Episode 54/10000 - Total Reward: -131.20 - Steps: 2754
Episode 55/10000 - Total Reward: -124.20 - Steps: 2805
Episode 56/10000 - Total Reward: -129.20 - Steps: 2856
Episode 57/10000 - Total Reward: -130.20 - Steps: 2907
Episode 58/10000 - Total Reward: -132.20 - Steps: 2958
Episode 59/10000 - Total Reward: -132.20 - Steps: 3009
Episode 60/10000 - Total Reward: -129.20 - Steps: 3060
Episode 61/10000 - Total Reward: -130.20 - Steps: 3111
Episode 62/10000 - Total Reward: -135.20 - Steps: 3162
Episode 63/10000 - Total Reward: -131.20 - Steps: 3213
Episode 64/10000 - Total Reward: -131.20 - Steps: 3264
Episode 65/10000 - Total Reward: -136.20 - Steps: 3315
Episode 66/10000 - Total Reward: -131.20 - Steps: 3366
Episode 67/10000 - Total Reward: -129.20 - Steps: 3417
Episode 68/10000 - Total Reward: -133.20 - Steps: 3468
Episode 69/10000 - Total Reward: -132.20 - Steps: 3519
Episode 70/10000 - Total Reward: -134.20 - Steps: 3570
Episode 71/10000 - Total Reward: -131.20 - Steps: 3621
Episode 72/10000 - Total Reward: -133.20 - Steps: 3672
Episode 73/10000 - Total Reward: -132.20 - Steps: 3723
Episode 74/10000 - Total Reward: -132.20 - Steps: 3774
Episode 75/10000 - Total Reward: -134.20 - Steps: 3825
Episode 76/10000 - Total Reward: -132.20 - Steps: 3876
Episode 77/10000 - Total Reward: -130.20 - Steps: 3927
Episode 78/10000 - Total Reward: -132.20 - Steps: 3978
Episode 79/10000 - Total Reward: -129.20 - Steps: 4029
Episode 80/10000 - Total Reward: -128.20 - Steps: 4080
Episode 81/10000 - Total Reward: -130.20 - Steps: 4131
Episode 82/10000 - Total Reward: -127.20 - Steps: 4182
Episode 83/10000 - Total Reward: -134.20 - Steps: 4233
Episode 84/10000 - Total Reward: -131.20 - Steps: 4284
Episode 85/10000 - Total Reward: -129.20 - Steps: 4335
Episode 86/10000 - Total Reward: -131.20 - Steps: 4386
Episode 87/10000 - Total Reward: -131.20 - Steps: 4437
Episode 88/10000 - Total Reward: -130.20 - Steps: 4488
Episode 89/10000 - Total Reward: -133.20 - Steps: 4539
Episode 90/10000 - Total Reward: -132.20 - Steps: 4590
Episode 91/10000 - Total Reward: -131.20 - Steps: 4641
Episode 92/10000 - Total Reward: -133.20 - Steps: 4692
Episode 93/10000 - Total Reward: -130.20 - Steps: 4743
Episode 94/10000 - Total Reward: -132.20 - Steps: 4794
Episode 95/10000 - Total Reward: -128.20 - Steps: 4845
Episode 96/10000 - Total Reward: -130.20 - Steps: 4896
Episode 97/10000 - Total Reward: -131.20 - Steps: 4947
Episode 98/10000 - Total Reward: -134.20 - Steps: 4998
Episode 99/10000 - Total Reward: -127.20 - Steps: 5049
Episode 100/10000 - Total Reward: -131.20 - Steps: 5100
Episode 101/10000 - Total Reward: -131.20 - Steps: 5151
Episode 102/10000 - Total Reward: -133.20 - Steps: 5202
Episode 103/10000 - Total Reward: -127.20 - Steps: 5253
Episode 104/10000 - Total Reward: -134.20 - Steps: 5304
Episode 105/10000 - Total Reward: -131.20 - Steps: 5355
Episode 106/10000 - Total Reward: -130.20 - Steps: 5406
Episode 107/10000 - Total Reward: -128.20 - Steps: 5457
Episode 108/10000 - Total Reward: -131.20 - Steps: 5508
Episode 109/10000 - Total Reward: -129.20 - Steps: 5559
Episode 110/10000 - Total Reward: -131.20 - Steps: 5610
Episode 111/10000 - Total Reward: -129.20 - Steps: 5661
Episode 112/10000 - Total Reward: -132.20 - Steps: 5712
Episode 113/10000 - Total Reward: -133.20 - Steps: 5763
Episode 114/10000 - Total Reward: -132.20 - Steps: 5814
Episode 115/10000 - Total Reward: -132.20 - Steps: 5865
Episode 116/10000 - Total Reward: -131.20 - Steps: 5916
Episode 117/10000 - Total Reward: -135.20 - Steps: 5967
Episode 118/10000 - Total Reward: -132.20 - Steps: 6018
Episode 119/10000 - Total Reward: -129.20 - Steps: 6069
Episode 120/10000 - Total Reward: -131.20 - Steps: 6120
Episode 121/10000 - Total Reward: -130.20 - Steps: 6171
Episode 122/10000 - Total Reward: -130.20 - Steps: 6222
Episode 123/10000 - Total Reward: -131.20 - Steps: 6273
Episode 124/10000 - Total Reward: -128.20 - Steps: 6324
Episode 125/10000 - Total Reward: -131.20 - Steps: 6375
Episode 126/10000 - Total Reward: -134.20 - Steps: 6426
Episode 127/10000 - Total Reward: -135.20 - Steps: 6477
Episode 128/10000 - Total Reward: -135.20 - Steps: 6528
Episode 129/10000 - Total Reward: -131.20 - Steps: 6579
Episode 130/10000 - Total Reward: -132.20 - Steps: 6630
Episode 131/10000 - Total Reward: -130.20 - Steps: 6681
Episode 132/10000 - Total Reward: -135.20 - Steps: 6732
Episode 133/10000 - Total Reward: -126.20 - Steps: 6783
Episode 134/10000 - Total Reward: -132.20 - Steps: 6834
Episode 135/10000 - Total Reward: -132.20 - Steps: 6885
Episode 136/10000 - Total Reward: -132.20 - Steps: 6936
Episode 137/10000 - Total Reward: -129.20 - Steps: 6987
Episode 138/10000 - Total Reward: -132.20 - Steps: 7038
Episode 139/10000 - Total Reward: -133.20 - Steps: 7089
Episode 140/10000 - Total Reward: -129.20 - Steps: 7140
Episode 141/10000 - Total Reward: -133.20 - Steps: 7191
Episode 142/10000 - Total Reward: -133.20 - Steps: 7242
Episode 143/10000 - Total Reward: -131.20 - Steps: 7293
Episode 144/10000 - Total Reward: -132.20 - Steps: 7344
Episode 145/10000 - Total Reward: -128.20 - Steps: 7395
Episode 146/10000 - Total Reward: -130.20 - Steps: 7446
Episode 147/10000 - Total Reward: -134.20 - Steps: 7497
Episode 148/10000 - Total Reward: -132.20 - Steps: 7548
Episode 149/10000 - Total Reward: -128.20 - Steps: 7599
Episode 150/10000 - Total Reward: -130.20 - Steps: 7650
Episode 151/10000 - Total Reward: -132.20 - Steps: 7701
Episode 152/10000 - Total Reward: -131.20 - Steps: 7752
Episode 153/10000 - Total Reward: -130.20 - Steps: 7803
Episode 154/10000 - Total Reward: -129.20 - Steps: 7854
Episode 155/10000 - Total Reward: -131.20 - Steps: 7905
Episode 156/10000 - Total Reward: -134.20 - Steps: 7956
Episode 157/10000 - Total Reward: -130.20 - Steps: 8007
Episode 158/10000 - Total Reward: -133.20 - Steps: 8058
Episode 159/10000 - Total Reward: -131.20 - Steps: 8109
Episode 160/10000 - Total Reward: -133.20 - Steps: 8160
Episode 161/10000 - Total Reward: -129.20 - Steps: 8211
Episode 162/10000 - Total Reward: -132.20 - Steps: 8262
Episode 163/10000 - Total Reward: -129.20 - Steps: 8313
Episode 164/10000 - Total Reward: -133.20 - Steps: 8364
Episode 165/10000 - Total Reward: -133.20 - Steps: 8415
Episode 166/10000 - Total Reward: -130.20 - Steps: 8466
Episode 167/10000 - Total Reward: -129.20 - Steps: 8517
Episode 168/10000 - Total Reward: -133.20 - Steps: 8568
Episode 169/10000 - Total Reward: -130.20 - Steps: 8619
Episode 170/10000 - Total Reward: -132.20 - Steps: 8670
Episode 171/10000 - Total Reward: -132.20 - Steps: 8721
Episode 172/10000 - Total Reward: -132.20 - Steps: 8772
Episode 173/10000 - Total Reward: -131.20 - Steps: 8823
Episode 174/10000 - Total Reward: -132.20 - Steps: 8874
Episode 175/10000 - Total Reward: -135.20 - Steps: 8925
Episode 176/10000 - Total Reward: -131.20 - Steps: 8976
Episode 177/10000 - Total Reward: -131.20 - Steps: 9027
Episode 178/10000 - Total Reward: -132.20 - Steps: 9078
Episode 179/10000 - Total Reward: -132.20 - Steps: 9129
Episode 180/10000 - Total Reward: -134.20 - Steps: 9180
Episode 181/10000 - Total Reward: -129.20 - Steps: 9231
Episode 182/10000 - Total Reward: -132.20 - Steps: 9282
Episode 183/10000 - Total Reward: -129.20 - Steps: 9333
Episode 184/10000 - Total Reward: -131.20 - Steps: 9384
Episode 185/10000 - Total Reward: -133.20 - Steps: 9435
Episode 186/10000 - Total Reward: -132.20 - Steps: 9486
Episode 187/10000 - Total Reward: -127.20 - Steps: 9537
Episode 188/10000 - Total Reward: -131.20 - Steps: 9588
Episode 189/10000 - Total Reward: -129.20 - Steps: 9639
Episode 190/10000 - Total Reward: -133.20 - Steps: 9690
Episode 191/10000 - Total Reward: -131.20 - Steps: 9741
Episode 192/10000 - Total Reward: -133.20 - Steps: 9792
Episode 193/10000 - Total Reward: -130.20 - Steps: 9843
Episode 194/10000 - Total Reward: -132.20 - Steps: 9894
Episode 195/10000 - Total Reward: -133.20 - Steps: 9945
Episode 196/10000 - Total Reward: -131.20 - Steps: 9996
Episode 197/10000 - Total Reward: -132.20 - Steps: 10047
Episode 198/10000 - Total Reward: -131.20 - Steps: 10098
Episode 199/10000 - Total Reward: -133.20 - Steps: 10149
Episode 200/10000 - Total Reward: -130.20 - Steps: 10200
Episode 201/10000 - Total Reward: -131.20 - Steps: 10251
Episode 202/10000 - Total Reward: -135.20 - Steps: 10302
Episode 203/10000 - Total Reward: -129.20 - Steps: 10353
Episode 204/10000 - Total Reward: -130.20 - Steps: 10404
Episode 205/10000 - Total Reward: -131.20 - Steps: 10455
Episode 206/10000 - Total Reward: -131.20 - Steps: 10506
Episode 207/10000 - Total Reward: -129.20 - Steps: 10557
Episode 208/10000 - Total Reward: -136.20 - Steps: 10608
Episode 209/10000 - Total Reward: -132.20 - Steps: 10659
Episode 210/10000 - Total Reward: -132.20 - Steps: 10710
Episode 211/10000 - Total Reward: -133.20 - Steps: 10761
Episode 212/10000 - Total Reward: -134.20 - Steps: 10812
Episode 213/10000 - Total Reward: -133.20 - Steps: 10863
Episode 214/10000 - Total Reward: -130.20 - Steps: 10914
Episode 215/10000 - Total Reward: -133.20 - Steps: 10965
Episode 216/10000 - Total Reward: -127.20 - Steps: 11016
Episode 217/10000 - Total Reward: -132.20 - Steps: 11067
Episode 218/10000 - Total Reward: -133.20 - Steps: 11118
Episode 219/10000 - Total Reward: -130.20 - Steps: 11169
Episode 220/10000 - Total Reward: -129.20 - Steps: 11220
Episode 221/10000 - Total Reward: -129.20 - Steps: 11271
Episode 222/10000 - Total Reward: -130.20 - Steps: 11322
Episode 223/10000 - Total Reward: -131.20 - Steps: 11373
Episode 224/10000 - Total Reward: -132.20 - Steps: 11424
Episode 225/10000 - Total Reward: -130.20 - Steps: 11475
Episode 226/10000 - Total Reward: -132.20 - Steps: 11526
Episode 227/10000 - Total Reward: -133.20 - Steps: 11577
Episode 228/10000 - Total Reward: -131.20 - Steps: 11628
Episode 229/10000 - Total Reward: -126.20 - Steps: 11679
Episode 230/10000 - Total Reward: -134.20 - Steps: 11730
Episode 231/10000 - Total Reward: -130.20 - Steps: 11781
Episode 232/10000 - Total Reward: -133.20 - Steps: 11832
Episode 233/10000 - Total Reward: -132.20 - Steps: 11883
Episode 234/10000 - Total Reward: -133.20 - Steps: 11934
Episode 235/10000 - Total Reward: -128.20 - Steps: 11985
Episode 236/10000 - Total Reward: -130.20 - Steps: 12036
Episode 237/10000 - Total Reward: -131.20 - Steps: 12087
Episode 238/10000 - Total Reward: -132.20 - Steps: 12138
Episode 239/10000 - Total Reward: -131.20 - Steps: 12189
Episode 240/10000 - Total Reward: -131.20 - Steps: 12240
Episode 241/10000 - Total Reward: -131.20 - Steps: 12291
Episode 242/10000 - Total Reward: -135.20 - Steps: 12342
Episode 243/10000 - Total Reward: -130.20 - Steps: 12393
Episode 244/10000 - Total Reward: -131.20 - Steps: 12444
Episode 245/10000 - Total Reward: -127.20 - Steps: 12495
Episode 246/10000 - Total Reward: -128.20 - Steps: 12546
Episode 247/10000 - Total Reward: -126.20 - Steps: 12597
Episode 248/10000 - Total Reward: -133.20 - Steps: 12648
Episode 249/10000 - Total Reward: -134.20 - Steps: 12699
Episode 250/10000 - Total Reward: -131.20 - Steps: 12750
Episode 251/10000 - Total Reward: -133.20 - Steps: 12801
Episode 252/10000 - Total Reward: -128.20 - Steps: 12852
Episode 253/10000 - Total Reward: -132.20 - Steps: 12903
Episode 254/10000 - Total Reward: -131.20 - Steps: 12954
Episode 255/10000 - Total Reward: -132.20 - Steps: 13005
Episode 256/10000 - Total Reward: -134.20 - Steps: 13056
Episode 257/10000 - Total Reward: -130.20 - Steps: 13107
Episode 258/10000 - Total Reward: -129.20 - Steps: 13158
Episode 259/10000 - Total Reward: -133.20 - Steps: 13209
Episode 260/10000 - Total Reward: -132.20 - Steps: 13260
Episode 261/10000 - Total Reward: -133.20 - Steps: 13311
Episode 262/10000 - Total Reward: -130.20 - Steps: 13362
Episode 263/10000 - Total Reward: -132.20 - Steps: 13413
Episode 264/10000 - Total Reward: -132.20 - Steps: 13464
Episode 265/10000 - Total Reward: -133.20 - Steps: 13515
Episode 266/10000 - Total Reward: -129.20 - Steps: 13566
Episode 267/10000 - Total Reward: -129.20 - Steps: 13617
Episode 268/10000 - Total Reward: -128.20 - Steps: 13668
Episode 269/10000 - Total Reward: -133.20 - Steps: 13719
Episode 270/10000 - Total Reward: -133.20 - Steps: 13770
Episode 271/10000 - Total Reward: -133.20 - Steps: 13821
Episode 272/10000 - Total Reward: -131.20 - Steps: 13872
Episode 273/10000 - Total Reward: -132.20 - Steps: 13923
Episode 274/10000 - Total Reward: -131.20 - Steps: 13974
Episode 275/10000 - Total Reward: -133.20 - Steps: 14025
Episode 276/10000 - Total Reward: -133.20 - Steps: 14076
Episode 277/10000 - Total Reward: -132.20 - Steps: 14127
Episode 278/10000 - Total Reward: -134.20 - Steps: 14178
Episode 279/10000 - Total Reward: -135.20 - Steps: 14229
Episode 280/10000 - Total Reward: -133.20 - Steps: 14280
Episode 281/10000 - Total Reward: -132.20 - Steps: 14331
Episode 282/10000 - Total Reward: -132.20 - Steps: 14382
Episode 283/10000 - Total Reward: -132.20 - Steps: 14433
Episode 284/10000 - Total Reward: -127.20 - Steps: 14484
Episode 285/10000 - Total Reward: -133.20 - Steps: 14535
Episode 286/10000 - Total Reward: -132.20 - Steps: 14586
Episode 287/10000 - Total Reward: -132.20 - Steps: 14637
Episode 288/10000 - Total Reward: -134.20 - Steps: 14688
Episode 289/10000 - Total Reward: -134.20 - Steps: 14739
Episode 290/10000 - Total Reward: -132.20 - Steps: 14790
Episode 291/10000 - Total Reward: -134.20 - Steps: 14841
Episode 292/10000 - Total Reward: -133.20 - Steps: 14892
Episode 293/10000 - Total Reward: -133.20 - Steps: 14943
Episode 294/10000 - Total Reward: -131.20 - Steps: 14994
Episode 295/10000 - Total Reward: -127.20 - Steps: 15045
Episode 296/10000 - Total Reward: -131.20 - Steps: 15096
Episode 297/10000 - Total Reward: -127.20 - Steps: 15147
Episode 298/10000 - Total Reward: -133.20 - Steps: 15198
Episode 299/10000 - Total Reward: -131.20 - Steps: 15249
Episode 300/10000 - Total Reward: -133.20 - Steps: 15300
Episode 301/10000 - Total Reward: -129.20 - Steps: 15351
Episode 302/10000 - Total Reward: -130.20 - Steps: 15402
Episode 303/10000 - Total Reward: -131.20 - Steps: 15453
Episode 304/10000 - Total Reward: -131.20 - Steps: 15504
Episode 305/10000 - Total Reward: -129.20 - Steps: 15555
Episode 306/10000 - Total Reward: -132.20 - Steps: 15606
Episode 307/10000 - Total Reward: -131.20 - Steps: 15657
Episode 308/10000 - Total Reward: -132.20 - Steps: 15708
Episode 309/10000 - Total Reward: -130.20 - Steps: 15759
Episode 310/10000 - Total Reward: -129.20 - Steps: 15810
Episode 311/10000 - Total Reward: -128.20 - Steps: 15861
Episode 312/10000 - Total Reward: -132.20 - Steps: 15912
Episode 313/10000 - Total Reward: -131.20 - Steps: 15963
Episode 314/10000 - Total Reward: -134.20 - Steps: 16014
Episode 315/10000 - Total Reward: -132.20 - Steps: 16065
Episode 316/10000 - Total Reward: -130.20 - Steps: 16116
Episode 317/10000 - Total Reward: -134.20 - Steps: 16167
Episode 318/10000 - Total Reward: -133.20 - Steps: 16218
Episode 319/10000 - Total Reward: -123.20 - Steps: 16269
Episode 320/10000 - Total Reward: -135.20 - Steps: 16320
Episode 321/10000 - Total Reward: -132.20 - Steps: 16371
Episode 322/10000 - Total Reward: -130.20 - Steps: 16422
Episode 323/10000 - Total Reward: -127.20 - Steps: 16473
Episode 324/10000 - Total Reward: -134.20 - Steps: 16524
Episode 325/10000 - Total Reward: -132.20 - Steps: 16575
Episode 326/10000 - Total Reward: -131.20 - Steps: 16626
Episode 327/10000 - Total Reward: -127.20 - Steps: 16677
Episode 328/10000 - Total Reward: -133.20 - Steps: 16728
Episode 329/10000 - Total Reward: -132.20 - Steps: 16779
Episode 330/10000 - Total Reward: -130.20 - Steps: 16830
Episode 331/10000 - Total Reward: -131.20 - Steps: 16881
Episode 332/10000 - Total Reward: -131.20 - Steps: 16932
Episode 333/10000 - Total Reward: -133.20 - Steps: 16983
Episode 334/10000 - Total Reward: -132.20 - Steps: 17034
Episode 335/10000 - Total Reward: -133.20 - Steps: 17085
Episode 336/10000 - Total Reward: -134.20 - Steps: 17136
Episode 337/10000 - Total Reward: -131.20 - Steps: 17187
Episode 338/10000 - Total Reward: -130.20 - Steps: 17238
Episode 339/10000 - Total Reward: -133.20 - Steps: 17289
Episode 340/10000 - Total Reward: -129.20 - Steps: 17340
Episode 341/10000 - Total Reward: -135.20 - Steps: 17391
Episode 342/10000 - Total Reward: -129.20 - Steps: 17442
Episode 343/10000 - Total Reward: -131.20 - Steps: 17493
Episode 344/10000 - Total Reward: -135.20 - Steps: 17544
Episode 345/10000 - Total Reward: -133.20 - Steps: 17595
Episode 346/10000 - Total Reward: -131.20 - Steps: 17646
Episode 347/10000 - Total Reward: -128.20 - Steps: 17697
Episode 348/10000 - Total Reward: -132.20 - Steps: 17748
Episode 349/10000 - Total Reward: -131.20 - Steps: 17799
Episode 350/10000 - Total Reward: -131.20 - Steps: 17850
Episode 351/10000 - Total Reward: -136.20 - Steps: 17901
Episode 352/10000 - Total Reward: -132.20 - Steps: 17952
Episode 353/10000 - Total Reward: -132.20 - Steps: 18003
Episode 354/10000 - Total Reward: -132.20 - Steps: 18054
Episode 355/10000 - Total Reward: -131.20 - Steps: 18105
Episode 356/10000 - Total Reward: -132.20 - Steps: 18156
Episode 357/10000 - Total Reward: -127.20 - Steps: 18207
Episode 358/10000 - Total Reward: -133.20 - Steps: 18258
Episode 359/10000 - Total Reward: -133.20 - Steps: 18309
Episode 360/10000 - Total Reward: -130.20 - Steps: 18360
Episode 361/10000 - Total Reward: -131.20 - Steps: 18411
Episode 362/10000 - Total Reward: -130.20 - Steps: 18462
Episode 363/10000 - Total Reward: -132.20 - Steps: 18513
Episode 364/10000 - Total Reward: -132.20 - Steps: 18564
Episode 365/10000 - Total Reward: -131.20 - Steps: 18615
Episode 366/10000 - Total Reward: -133.20 - Steps: 18666
Episode 367/10000 - Total Reward: -133.20 - Steps: 18717
Episode 368/10000 - Total Reward: -131.20 - Steps: 18768
Episode 369/10000 - Total Reward: -133.20 - Steps: 18819
Episode 370/10000 - Total Reward: -133.20 - Steps: 18870
Episode 371/10000 - Total Reward: -129.20 - Steps: 18921
Episode 372/10000 - Total Reward: -131.20 - Steps: 18972
Episode 373/10000 - Total Reward: -129.20 - Steps: 19023
Episode 374/10000 - Total Reward: -130.20 - Steps: 19074
Episode 375/10000 - Total Reward: -130.20 - Steps: 19125
Episode 376/10000 - Total Reward: -134.20 - Steps: 19176
Episode 377/10000 - Total Reward: -129.20 - Steps: 19227
Episode 378/10000 - Total Reward: -133.20 - Steps: 19278
Episode 379/10000 - Total Reward: -128.20 - Steps: 19329
Episode 380/10000 - Total Reward: -132.20 - Steps: 19380
Episode 381/10000 - Total Reward: -132.20 - Steps: 19431
Episode 382/10000 - Total Reward: -132.20 - Steps: 19482
Episode 383/10000 - Total Reward: -130.20 - Steps: 19533
Episode 384/10000 - Total Reward: -131.20 - Steps: 19584
Episode 385/10000 - Total Reward: -129.20 - Steps: 19635
Episode 386/10000 - Total Reward: -135.20 - Steps: 19686
Episode 387/10000 - Total Reward: -131.20 - Steps: 19737
Episode 388/10000 - Total Reward: -132.20 - Steps: 19788
Episode 389/10000 - Total Reward: -132.20 - Steps: 19839
Episode 390/10000 - Total Reward: -130.20 - Steps: 19890
Episode 391/10000 - Total Reward: -132.20 - Steps: 19941
Episode 392/10000 - Total Reward: -129.20 - Steps: 19992
Episode 393/10000 - Total Reward: -131.20 - Steps: 20043
Episode 394/10000 - Total Reward: -133.20 - Steps: 20094
Episode 395/10000 - Total Reward: -130.20 - Steps: 20145
Episode 396/10000 - Total Reward: -134.20 - Steps: 20196
Episode 397/10000 - Total Reward: -132.20 - Steps: 20247
Episode 398/10000 - Total Reward: -134.20 - Steps: 20298
Episode 399/10000 - Total Reward: -129.20 - Steps: 20349
Episode 400/10000 - Total Reward: -132.20 - Steps: 20400
Episode 401/10000 - Total Reward: -131.20 - Steps: 20451
Episode 402/10000 - Total Reward: -131.20 - Steps: 20502
Episode 403/10000 - Total Reward: -131.20 - Steps: 20553
Episode 404/10000 - Total Reward: -133.20 - Steps: 20604
Episode 405/10000 - Total Reward: -134.20 - Steps: 20655
Episode 406/10000 - Total Reward: -133.20 - Steps: 20706
Episode 407/10000 - Total Reward: -131.20 - Steps: 20757
Episode 408/10000 - Total Reward: -134.20 - Steps: 20808
Episode 409/10000 - Total Reward: -130.20 - Steps: 20859
Episode 410/10000 - Total Reward: -132.20 - Steps: 20910
Episode 411/10000 - Total Reward: -128.20 - Steps: 20961
Episode 412/10000 - Total Reward: -134.20 - Steps: 21012
Episode 413/10000 - Total Reward: -132.20 - Steps: 21063
Episode 414/10000 - Total Reward: -129.20 - Steps: 21114
Episode 415/10000 - Total Reward: -133.20 - Steps: 21165
Episode 416/10000 - Total Reward: -133.20 - Steps: 21216
Episode 417/10000 - Total Reward: -132.20 - Steps: 21267
Episode 418/10000 - Total Reward: -132.20 - Steps: 21318
Episode 419/10000 - Total Reward: -130.20 - Steps: 21369
Episode 420/10000 - Total Reward: -133.20 - Steps: 21420
Episode 421/10000 - Total Reward: -132.20 - Steps: 21471
Episode 422/10000 - Total Reward: -131.20 - Steps: 21522
Episode 423/10000 - Total Reward: -132.20 - Steps: 21573
Episode 424/10000 - Total Reward: -133.20 - Steps: 21624
Episode 425/10000 - Total Reward: -132.20 - Steps: 21675
Episode 426/10000 - Total Reward: -127.20 - Steps: 21726
Episode 427/10000 - Total Reward: -131.20 - Steps: 21777
Episode 428/10000 - Total Reward: -132.20 - Steps: 21828
Episode 429/10000 - Total Reward: -131.20 - Steps: 21879
Episode 430/10000 - Total Reward: -129.20 - Steps: 21930
Episode 431/10000 - Total Reward: -130.20 - Steps: 21981
Episode 432/10000 - Total Reward: -130.20 - Steps: 22032
Episode 433/10000 - Total Reward: -133.20 - Steps: 22083
Episode 434/10000 - Total Reward: -129.20 - Steps: 22134
Episode 435/10000 - Total Reward: -132.20 - Steps: 22185
Episode 436/10000 - Total Reward: -133.20 - Steps: 22236
Episode 437/10000 - Total Reward: -126.20 - Steps: 22287
Episode 438/10000 - Total Reward: -131.20 - Steps: 22338
Episode 439/10000 - Total Reward: -131.20 - Steps: 22389
Episode 440/10000 - Total Reward: -136.20 - Steps: 22440
Episode 441/10000 - Total Reward: -132.20 - Steps: 22491
Episode 442/10000 - Total Reward: -128.20 - Steps: 22542
Episode 443/10000 - Total Reward: -129.20 - Steps: 22593
Episode 444/10000 - Total Reward: -131.20 - Steps: 22644
Episode 445/10000 - Total Reward: -133.20 - Steps: 22695
Episode 446/10000 - Total Reward: -127.20 - Steps: 22746
Episode 447/10000 - Total Reward: -135.20 - Steps: 22797
Episode 448/10000 - Total Reward: -132.20 - Steps: 22848
Episode 449/10000 - Total Reward: -130.20 - Steps: 22899
Episode 450/10000 - Total Reward: -137.20 - Steps: 22950
Episode 451/10000 - Total Reward: -134.20 - Steps: 23001
Episode 452/10000 - Total Reward: -131.20 - Steps: 23052
Episode 453/10000 - Total Reward: -132.20 - Steps: 23103
Episode 454/10000 - Total Reward: -129.20 - Steps: 23154
Episode 455/10000 - Total Reward: -130.20 - Steps: 23205
Episode 456/10000 - Total Reward: -133.20 - Steps: 23256
Episode 457/10000 - Total Reward: -128.20 - Steps: 23307
Episode 458/10000 - Total Reward: -131.20 - Steps: 23358
Episode 459/10000 - Total Reward: -131.20 - Steps: 23409
Episode 460/10000 - Total Reward: -127.20 - Steps: 23460
Episode 461/10000 - Total Reward: -130.20 - Steps: 23511
Episode 462/10000 - Total Reward: -133.20 - Steps: 23562
Episode 463/10000 - Total Reward: -134.20 - Steps: 23613
Episode 464/10000 - Total Reward: -133.20 - Steps: 23664
Episode 465/10000 - Total Reward: -130.20 - Steps: 23715
Episode 466/10000 - Total Reward: -132.20 - Steps: 23766
Episode 467/10000 - Total Reward: -132.20 - Steps: 23817
Episode 468/10000 - Total Reward: -131.20 - Steps: 23868
Episode 469/10000 - Total Reward: -132.20 - Steps: 23919
Episode 470/10000 - Total Reward: -134.20 - Steps: 23970
Episode 471/10000 - Total Reward: -132.20 - Steps: 24021
Episode 472/10000 - Total Reward: -131.20 - Steps: 24072
Episode 473/10000 - Total Reward: -132.20 - Steps: 24123
Episode 474/10000 - Total Reward: -132.20 - Steps: 24174
Episode 475/10000 - Total Reward: -125.20 - Steps: 24225
Episode 476/10000 - Total Reward: -130.20 - Steps: 24276
Episode 477/10000 - Total Reward: -133.20 - Steps: 24327
Episode 478/10000 - Total Reward: -131.20 - Steps: 24378
Episode 479/10000 - Total Reward: -133.20 - Steps: 24429
Episode 480/10000 - Total Reward: -128.20 - Steps: 24480
Episode 481/10000 - Total Reward: -131.20 - Steps: 24531
Episode 482/10000 - Total Reward: -131.20 - Steps: 24582
Episode 483/10000 - Total Reward: -131.20 - Steps: 24633
Episode 484/10000 - Total Reward: -129.20 - Steps: 24684
Episode 485/10000 - Total Reward: -130.20 - Steps: 24735
Episode 486/10000 - Total Reward: -130.20 - Steps: 24786
Episode 487/10000 - Total Reward: -133.20 - Steps: 24837
Episode 488/10000 - Total Reward: -132.20 - Steps: 24888
Episode 489/10000 - Total Reward: -130.20 - Steps: 24939
Episode 490/10000 - Total Reward: -132.20 - Steps: 24990
Episode 491/10000 - Total Reward: -129.20 - Steps: 25041
Episode 492/10000 - Total Reward: -130.20 - Steps: 25092
Episode 493/10000 - Total Reward: -131.20 - Steps: 25143
Episode 494/10000 - Total Reward: -129.20 - Steps: 25194
Episode 495/10000 - Total Reward: -131.20 - Steps: 25245
Episode 496/10000 - Total Reward: -133.20 - Steps: 25296
Episode 497/10000 - Total Reward: -133.20 - Steps: 25347
Episode 498/10000 - Total Reward: -134.20 - Steps: 25398
Episode 499/10000 - Total Reward: -130.20 - Steps: 25449
Episode 500/10000 - Total Reward: -131.20 - Steps: 25500
Episode 501/10000 - Total Reward: -133.20 - Steps: 25551
Episode 502/10000 - Total Reward: -132.20 - Steps: 25602
Episode 503/10000 - Total Reward: -133.20 - Steps: 25653
Episode 504/10000 - Total Reward: -133.20 - Steps: 25704
Episode 505/10000 - Total Reward: -134.20 - Steps: 25755
Episode 506/10000 - Total Reward: -132.20 - Steps: 25806
Episode 507/10000 - Total Reward: -133.20 - Steps: 25857
Episode 508/10000 - Total Reward: -129.20 - Steps: 25908
Episode 509/10000 - Total Reward: -134.20 - Steps: 25959
Episode 510/10000 - Total Reward: -131.20 - Steps: 26010
Episode 511/10000 - Total Reward: -133.20 - Steps: 26061
Episode 512/10000 - Total Reward: -133.20 - Steps: 26112
Episode 513/10000 - Total Reward: -130.20 - Steps: 26163
Episode 514/10000 - Total Reward: -125.20 - Steps: 26214
Episode 515/10000 - Total Reward: -133.20 - Steps: 26265
Episode 516/10000 - Total Reward: -132.20 - Steps: 26316
Episode 517/10000 - Total Reward: -128.20 - Steps: 26367
Episode 518/10000 - Total Reward: -128.20 - Steps: 26418
Episode 519/10000 - Total Reward: -133.20 - Steps: 26469
Episode 520/10000 - Total Reward: -132.20 - Steps: 26520
Episode 521/10000 - Total Reward: -130.20 - Steps: 26571
Episode 522/10000 - Total Reward: -133.20 - Steps: 26622
Episode 523/10000 - Total Reward: -131.20 - Steps: 26673
Episode 524/10000 - Total Reward: -129.20 - Steps: 26724
Episode 525/10000 - Total Reward: -134.20 - Steps: 26775
Episode 526/10000 - Total Reward: -131.20 - Steps: 26826
Episode 527/10000 - Total Reward: -132.20 - Steps: 26877
Episode 528/10000 - Total Reward: -132.20 - Steps: 26928
Episode 529/10000 - Total Reward: -133.20 - Steps: 26979
Episode 530/10000 - Total Reward: -133.20 - Steps: 27030
Episode 531/10000 - Total Reward: -133.20 - Steps: 27081
Episode 532/10000 - Total Reward: -134.20 - Steps: 27132
Episode 533/10000 - Total Reward: -129.20 - Steps: 27183
Episode 534/10000 - Total Reward: -131.20 - Steps: 27234
Episode 535/10000 - Total Reward: -131.20 - Steps: 27285
Episode 536/10000 - Total Reward: -127.20 - Steps: 27336
Episode 537/10000 - Total Reward: -134.20 - Steps: 27387
Episode 538/10000 - Total Reward: -135.20 - Steps: 27438
Episode 539/10000 - Total Reward: -136.20 - Steps: 27489
Episode 540/10000 - Total Reward: -132.20 - Steps: 27540
Episode 541/10000 - Total Reward: -129.20 - Steps: 27591
Episode 542/10000 - Total Reward: -133.20 - Steps: 27642
Episode 543/10000 - Total Reward: -133.20 - Steps: 27693
Episode 544/10000 - Total Reward: -133.20 - Steps: 27744
Episode 545/10000 - Total Reward: -129.20 - Steps: 27795
Episode 546/10000 - Total Reward: -133.20 - Steps: 27846
Episode 547/10000 - Total Reward: -133.20 - Steps: 27897
Episode 548/10000 - Total Reward: -132.20 - Steps: 27948
Episode 549/10000 - Total Reward: -132.20 - Steps: 27999
Episode 550/10000 - Total Reward: -134.20 - Steps: 28050
Episode 551/10000 - Total Reward: -132.20 - Steps: 28101
Episode 552/10000 - Total Reward: -130.20 - Steps: 28152
Episode 553/10000 - Total Reward: -130.20 - Steps: 28203
Episode 554/10000 - Total Reward: -132.20 - Steps: 28254
Episode 555/10000 - Total Reward: -133.20 - Steps: 28305
Episode 556/10000 - Total Reward: -128.20 - Steps: 28356
Episode 557/10000 - Total Reward: -132.20 - Steps: 28407
Episode 558/10000 - Total Reward: -130.20 - Steps: 28458
Episode 559/10000 - Total Reward: -135.20 - Steps: 28509
Episode 560/10000 - Total Reward: -131.20 - Steps: 28560
Episode 561/10000 - Total Reward: -131.20 - Steps: 28611
Episode 562/10000 - Total Reward: -132.20 - Steps: 28662
Episode 563/10000 - Total Reward: -129.20 - Steps: 28713
Episode 564/10000 - Total Reward: -131.20 - Steps: 28764
Episode 565/10000 - Total Reward: -131.20 - Steps: 28815
Episode 566/10000 - Total Reward: -133.20 - Steps: 28866
Episode 567/10000 - Total Reward: -129.20 - Steps: 28917
Episode 568/10000 - Total Reward: -133.20 - Steps: 28968
Episode 569/10000 - Total Reward: -133.20 - Steps: 29019
Episode 570/10000 - Total Reward: -133.20 - Steps: 29070
Episode 571/10000 - Total Reward: -134.20 - Steps: 29121
Episode 572/10000 - Total Reward: -131.20 - Steps: 29172
Episode 573/10000 - Total Reward: -133.20 - Steps: 29223
Episode 574/10000 - Total Reward: -129.20 - Steps: 29274
Episode 575/10000 - Total Reward: -131.20 - Steps: 29325
Episode 576/10000 - Total Reward: -131.20 - Steps: 29376
Episode 577/10000 - Total Reward: -132.20 - Steps: 29427
Episode 578/10000 - Total Reward: -130.20 - Steps: 29478
Episode 579/10000 - Total Reward: -132.20 - Steps: 29529
Episode 580/10000 - Total Reward: -132.20 - Steps: 29580
Episode 581/10000 - Total Reward: -133.20 - Steps: 29631
Episode 582/10000 - Total Reward: -134.20 - Steps: 29682
Episode 583/10000 - Total Reward: -133.20 - Steps: 29733
Episode 584/10000 - Total Reward: -131.20 - Steps: 29784
Episode 585/10000 - Total Reward: -128.20 - Steps: 29835
Episode 586/10000 - Total Reward: -133.20 - Steps: 29886
Episode 587/10000 - Total Reward: -133.20 - Steps: 29937
Episode 588/10000 - Total Reward: -133.20 - Steps: 29988
Episode 589/10000 - Total Reward: -134.20 - Steps: 30039
Episode 590/10000 - Total Reward: -130.20 - Steps: 30090
Episode 591/10000 - Total Reward: -135.20 - Steps: 30141
Episode 592/10000 - Total Reward: -130.20 - Steps: 30192
Episode 593/10000 - Total Reward: -134.20 - Steps: 30243
Episode 594/10000 - Total Reward: -134.20 - Steps: 30294
Episode 595/10000 - Total Reward: -133.20 - Steps: 30345
Episode 596/10000 - Total Reward: -131.20 - Steps: 30396
Episode 597/10000 - Total Reward: -134.20 - Steps: 30447
Episode 598/10000 - Total Reward: -130.20 - Steps: 30498
Episode 599/10000 - Total Reward: -131.20 - Steps: 30549
Episode 600/10000 - Total Reward: -133.20 - Steps: 30600
Episode 601/10000 - Total Reward: -132.20 - Steps: 30651
Episode 602/10000 - Total Reward: -129.20 - Steps: 30702
Episode 603/10000 - Total Reward: -132.20 - Steps: 30753
Episode 604/10000 - Total Reward: -134.20 - Steps: 30804
Episode 605/10000 - Total Reward: -123.20 - Steps: 30855
Episode 606/10000 - Total Reward: -132.20 - Steps: 30906
Episode 607/10000 - Total Reward: -133.20 - Steps: 30957
Episode 608/10000 - Total Reward: -129.20 - Steps: 31008
Episode 609/10000 - Total Reward: -129.20 - Steps: 31059
Episode 610/10000 - Total Reward: -130.20 - Steps: 31110
Episode 611/10000 - Total Reward: -133.20 - Steps: 31161
Episode 612/10000 - Total Reward: -134.20 - Steps: 31212
Episode 613/10000 - Total Reward: -131.20 - Steps: 31263
Episode 614/10000 - Total Reward: -130.20 - Steps: 31314
Episode 615/10000 - Total Reward: -127.20 - Steps: 31365
Episode 616/10000 - Total Reward: -133.20 - Steps: 31416
Episode 617/10000 - Total Reward: -133.20 - Steps: 31467
Episode 618/10000 - Total Reward: -130.20 - Steps: 31518
Episode 619/10000 - Total Reward: -134.20 - Steps: 31569
Episode 620/10000 - Total Reward: -133.20 - Steps: 31620
Episode 621/10000 - Total Reward: -134.20 - Steps: 31671
Episode 622/10000 - Total Reward: -131.20 - Steps: 31722
Episode 623/10000 - Total Reward: -131.20 - Steps: 31773
Episode 624/10000 - Total Reward: -130.20 - Steps: 31824
Episode 625/10000 - Total Reward: -131.20 - Steps: 31875
Episode 626/10000 - Total Reward: -134.20 - Steps: 31926
Episode 627/10000 - Total Reward: -132.20 - Steps: 31977
Episode 628/10000 - Total Reward: -129.20 - Steps: 32028
Episode 629/10000 - Total Reward: -129.20 - Steps: 32079
Episode 630/10000 - Total Reward: -132.20 - Steps: 32130
Episode 631/10000 - Total Reward: -131.20 - Steps: 32181
Episode 632/10000 - Total Reward: -132.20 - Steps: 32232
Episode 633/10000 - Total Reward: -134.20 - Steps: 32283
Episode 634/10000 - Total Reward: -130.20 - Steps: 32334
Episode 635/10000 - Total Reward: -132.20 - Steps: 32385
Episode 636/10000 - Total Reward: -132.20 - Steps: 32436
Episode 637/10000 - Total Reward: -129.20 - Steps: 32487
Episode 638/10000 - Total Reward: -134.20 - Steps: 32538
Episode 639/10000 - Total Reward: -131.20 - Steps: 32589
Episode 640/10000 - Total Reward: -131.20 - Steps: 32640
Episode 641/10000 - Total Reward: -134.20 - Steps: 32691
Episode 642/10000 - Total Reward: -133.20 - Steps: 32742
Episode 643/10000 - Total Reward: -134.20 - Steps: 32793
Episode 644/10000 - Total Reward: -133.20 - Steps: 32844
Episode 645/10000 - Total Reward: -130.20 - Steps: 32895
Episode 646/10000 - Total Reward: -132.20 - Steps: 32946
Episode 647/10000 - Total Reward: -133.20 - Steps: 32997
Episode 648/10000 - Total Reward: -133.20 - Steps: 33048
Episode 649/10000 - Total Reward: -131.20 - Steps: 33099
Episode 650/10000 - Total Reward: -130.20 - Steps: 33150
